6D: 48.750%
8C: 81.457%
9C: 81.457%
TC: 81.457%
9H: 91.605%
JH: 96.805%
KH: 100.000%
AH: 100.000%
3S: 0.006%
4S: 0.006%
7S: 29.988%
9S: 54.975%
JS: 73.722%

6D: 50.347%
JD: 94.891%
QD: 94.891%
6C: 50.347%
7C: 50.347%
JC: 89.697%
3H: 0.000%
KH: 98.876%
2S: 0.000%
8S: 73.722%
TS: 86.499%
JS: 86.499%
AS: 100.000%

9S: 68.804%
AC: 100.000%
7S: 50.347%
5H: 25.119%
JC: 94.788%
6D: 25.995%
JH: 93.769%
6S: 50.347%
4D: 1.304%
TD: 81.457%
8C: 73.722%
4C: 3.968%
QC: 94.788%

9C: 73.722%
QH: 94.788%
7S: 67.108%
2D: 0.000%
QC: 94.788%
5H: 3.968%
7C: 54.975%
6H: 3.968%
AC: 100.000%
7D: 49.330%
3H: 0.006%
3C: 0.006%
AH: 100.000%

AS: 100.000%
5C: 27.491%
4D: 0.719%
JS: 91.660%
KD: 98.876%
9S: 78.757%
3S: 0.000%
2S: 0.000%
TC: 83.346%
8C: 70.647%
3H: 0.000%
JC: 83.346%
QS: 91.660%

7C: 50.347%
KD: 100.000%
AD: 100.000%
9C: 68.804%
3D: 0.006%
2S: 0.000%
5D: 3.968%
6H: 25.995%
2H: 0.000%
TD: 86.499%
7S: 49.330%
6C: 50.347%
QH: 94.891%

8C: 54.975%
TH: 70.647%
6S: 49.330%
8S: 67.725%
TC: 73.722%
6C: 29.988%
5H: 0.001%
4H: 0.001%
3H: 0.001%
AC: 100.000%
9D: 80.350%
5C: 29.988%
2D: 0.000%

JD: 91.660%
9H: 68.804%
QD: 91.660%
3D: 0.000%
2D: 0.000%
5C: 27.491%
JC: 83.346%
8H: 68.804%
4H: 1.304%
7D: 34.081%
9C: 70.647%
7C: 52.081%
KD: 91.660%

8H: 81.457%
QH: 94.891%
6D: 2.301%
8S: 50.347%
5C: 1.304%
3D: 0.001%
4D: 0.001%
4S: 0.000%
TH: 89.697%
3S: 0.000%
KC: 98.083%
4C: 1.304%
7D: 2.301%

QD: 96.960%
5S: 27.491%
4H: 0.001%
JS: 91.605%
KS: 96.805%
AH: 100.000%
2H: 0.000%
TC: 89.697%
8H: 52.081%
7S: 52.081%
8C: 81.457%
KC: 98.083%
9D: 88.579%

AD: 100.000%
AC: 100.000%
7C: 59.716%
9D: 88.579%
KC: 100.000%
2S: 0.000%
JS: 91.605%
JC: 91.660%
7S: 52.081%
4C: 6.705%
QS: 91.605%
9H: 87.940%
8C: 59.716%

TS: 78.757%
AH: 100.000%
9S: 78.757%
AS: 100.000%
QH: 94.788%
6S: 59.716%
7S: 59.716%
3H: 0.000%
QS: 91.660%
9H: 73.722%
2H: 0.000%
7D: 49.330%
6D: 49.330%

6S: 54.975%
8C: 52.081%
KS: 100.000%
AC: 100.000%
7C: 52.081%
QD: 96.960%
3H: 0.000%
KH: 98.876%
AS: 100.000%
TS: 86.499%
8S: 73.722%
6D: 49.330%
3C: 0.001%

6D: 50.347%
4H: 2.301%
9C: 81.457%
7C: 68.804%
6S: 50.347%
TD: 89.697%
9H: 52.081%
5H: 2.301%
KS: 98.083%
AD: 100.000%
7H: 27.491%
7S: 50.347%
AC: 100.000%

5S: 3.968%
QC: 91.605%
KH: 98.083%
7S: 29.988%
TS: 73.722%
5C: 27.491%
5H: 25.995%
QS: 86.499%
3S: 0.006%
JC: 91.605%
7D: 67.108%
8C: 70.647%
QH: 98.083%

3D: 0.000%
JH: 89.697%
QC: 91.605%
9C: 70.647%
4C: 2.301%
2D: 0.000%
2S: 0.000%
7C: 52.081%
TH: 89.697%
5S: 0.000%
8D: 50.347%
6H: 50.347%
3S: 0.000%

4C: 0.719%
6D: 50.347%
7C: 49.330%
3S: 0.000%
6H: 34.081%
6S: 25.119%
4H: 6.705%
7H: 34.081%
QH: 91.660%
JH: 91.660%
AH: 100.000%
9D: 81.457%
JD: 89.697%

3D: 0.158%
4D: 0.158%
JD: 86.895%
6H: 25.995%
7H: 25.995%
3C: 0.000%
4C: 0.000%
QD: 86.895%
9D: 67.382%
2H: 0.000%
KD: 86.895%
9C: 68.804%
7D: 40.710%

9S: 52.081%
4D: 1.304%
3S: 0.000%
7C: 50.347%
AH: 100.000%
2S: 0.000%
6H: 50.347%
2C: 0.000%
7H: 50.347%
JC: 89.697%
6D: 25.995%
TD: 81.457%
8S: 52.081%

TS: 89.697%
JS: 89.697%
8D: 29.988%
6D: 3.968%
5D: 3.968%
8S: 81.457%
2D: 0.000%
9C: 80.350%
5H: 1.304%
KH: 98.083%
4C: 0.719%
QD: 86.499%
3H: 0.000%

2D: 0.000%
AS: 100.000%
TC: 89.697%
3S: 0.000%
8H: 68.804%
4D: 0.000%
8D: 27.491%
7C: 68.804%
3D: 0.000%
KH: 98.083%
JC: 89.697%
6H: 50.347%
5S: 1.304%

9C: 80.350%
9H: 79.747%
TH: 79.747%
QH: 79.747%
5H: 18.494%
JH: 79.747%
2H: 0.000%
TS: 88.579%
7C: 67.725%
JD: 96.318%
3S: 0.000%
7H: 51.445%
AH: 100.000%

JD: 83.346%
8D: 70.647%
4D: 2.301%
JC: 83.346%
6H: 25.119%
9C: 70.647%
6S: 50.347%
7S: 50.347%
5H: 25.119%
2C: 0.000%
TD: 83.346%
9S: 68.804%
4C: 0.001%

7H: 50.347%
2C: 0.000%
JC: 78.757%
6C: 34.081%
AD: 100.000%
8C: 34.081%
8H: 50.347%
3H: 0.000%
QD: 98.876%
TS: 88.579%
KC: 91.660%
7C: 34.081%
9S: 88.579%

KC: 100.000%
2D: 0.000%
AC: 100.000%
6H: 27.491%
7S: 50.347%
TH: 83.346%
7D: 25.995%
3S: 0.000%
4H: 2.301%
3D: 0.000%
JH: 83.346%
AS: 100.000%
6C: 50.347%

6C: 27.491%
5C: 27.491%
5D: 25.119%
TC: 70.647%
9D: 80.350%
2S: 0.000%
KH: 96.805%
QS: 94.891%
4H: 2.301%
TH: 91.605%
9C: 70.647%
8S: 68.804%
JH: 91.605%

7S: 49.330%
8C: 52.081%
KD: 98.083%
4H: 2.301%
9H: 70.647%
7H: 52.081%
4S: 0.719%
3D: 0.000%
2C: 0.000%
QD: 98.083%
6C: 27.491%
QH: 91.605%
JC: 83.346%

7H: 52.081%
JH: 91.605%
AC: 100.000%
8C: 68.804%
3C: 0.000%
AD: 100.000%
JS: 93.769%
3D: 0.001%
AH: 100.000%
9S: 88.579%
KD: 100.000%
6D: 27.491%
5H: 27.491%

6C: 49.330%
4S: 3.968%
6H: 27.491%
AC: 100.000%
7S: 29.988%
2D: 0.000%
4H: 2.301%
KS: 94.788%
8S: 29.988%
TH: 70.647%
7H: 27.491%
5S: 3.968%
8D: 67.725%

4S: 0.006%
6S: 3.968%
5H: 3.968%
6C: 48.750%
4D: 0.719%
TS: 73.722%
4H: 3.968%
2S: 0.000%
AH: 100.000%
8D: 67.725%
JS: 73.722%
JH: 94.788%
QH: 94.788%

QS: 78.757%
TD: 81.457%
TS: 78.757%
6D: 25.995%
8C: 68.804%
6C: 50.347%
6S: 6.705%
5S: 6.705%
5D: 25.995%
9C: 68.804%
3S: 0.033%
JS: 78.757%
AH: 100.000%

4H: 1.304%
QC: 96.960%
TH: 89.697%
QS: 91.660%
5S: 6.705%
7S: 6.705%
6S: 6.705%
TD: 88.579%
7D: 67.725%
JC: 96.960%
2S: 0.000%
AH: 100.000%
KS: 91.660%

3D: 0.001%
KD: 96.805%
4H: 0.719%
TS: 54.975%
TD: 83.346%
6S: 29.988%
3C: 0.000%
8S: 54.975%
5D: 2.301%
QC: 96.960%
4S: 3.968%
AH: 100.000%
9S: 54.975%

KC: 96.805%
TC: 83.346%
KD: 96.805%
KH: 98.083%
3H: 0.000%
7D: 70.647%
7S: 49.330%
9C: 83.346%
6C: 52.081%
JD: 96.805%
3S: 0.000%
QD: 96.805%
TH: 89.697%

8H: 34.081%
9H: 34.081%
9D: 81.457%
7H: 34.081%
7D: 68.804%
JS: 96.318%
4H: 0.033%
2H: 0.000%
AH: 100.000%
QC: 98.083%
KC: 98.083%
AD: 100.000%
5C: 25.995%

AC: 100.000%
9H: 70.647%
3S: 0.000%
AD: 100.000%
JC: 94.891%
8D: 68.804%
4C: 1.304%
4H: 0.001%
3H: 0.001%
6S: 25.995%
KH: 96.805%
6D: 50.347%
9S: 68.804%

5S: 25.995%
KS: 98.083%
4H: 3.968%
TC: 88.579%
JS: 94.891%
6H: 29.988%
7H: 29.988%
TD: 81.457%
AH: 100.000%
3D: 0.000%
7D: 50.347%
QH: 94.788%
9C: 88.579%

KD: 98.083%
8D: 68.804%
2D: 0.000%
3H: 0.000%
QS: 94.891%
2S: 0.000%
5C: 25.119%
2H: 0.000%
KH: 100.000%
TS: 89.697%
6C: 25.119%
8H: 54.975%
AH: 100.000%

AD: 100.000%
3D: 0.001%
TS: 73.722%
KS: 94.788%
9D: 83.346%
8S: 54.975%
TD: 83.346%
5S: 3.968%
8H: 79.718%
4S: 3.968%
3C: 0.000%
6C: 25.995%
KC: 98.083%

3D: 0.000%
QS: 94.891%
KH: 98.083%
AC: 100.000%
4C: 0.006%
7C: 3.968%
2C: 0.000%
TH: 94.891%
2D: 0.000%
5C: 0.006%
4S: 1.304%
QH: 98.083%
8S: 68.804%

4D: 0.001%
JH: 73.722%
8H: 54.975%
9H: 54.975%
AC: 100.000%
TC: 83.346%
KD: 96.805%
TD: 83.346%
4C: 2.301%
3D: 0.001%
5H: 3.968%
2H: 0.000%
9C: 83.346%

6C: 52.081%
7C: 52.081%
8C: 52.081%
9S: 70.647%
9D: 68.804%
6D: 25.995%
7S: 52.081%
TH: 88.579%
8H: 80.350%
9C: 52.081%
QS: 91.605%
5D: 25.995%
6S: 52.081%

JD: 83.346%
2C: 0.000%
7H: 49.330%
5D: 27.491%
9S: 54.975%
JS: 73.722%
5S: 0.006%
6C: 25.119%
2H: 0.000%
6D: 27.491%
4S: 0.006%
TD: 83.346%
2S: 0.000%

6C: 29.988%
JC: 73.722%
AS: 100.000%
9S: 81.457%
2D: 0.000%
8C: 54.975%
2H: 0.000%
4C: 3.968%
8S: 81.457%
KD: 98.083%
9C: 54.975%
9H: 80.350%
8D: 68.804%

9C: 83.346%
7H: 6.705%
5D: 0.000%
TH: 59.716%
5C: 27.491%
JH: 59.716%
4H: 6.705%
4D: 0.000%
KC: 96.805%
5H: 6.705%
JC: 91.605%
6H: 6.705%
3D: 0.000%

QC: 96.960%
KS: 100.000%
AS: 100.000%
8D: 70.647%
JH: 94.891%
9H: 89.697%
8C: 80.350%
KD: 96.805%
TS: 96.805%
6D: 52.081%
QS: 100.000%
KH: 98.083%
JD: 91.605%

6C: 34.081%
9C: 78.757%
KC: 91.660%
KH: 98.876%
QH: 98.876%
9S: 81.457%
2C: 0.000%
AD: 100.000%
JS: 89.697%
QD: 98.876%
TC: 78.757%
JC: 78.757%
2S: 0.000%

4D: 0.000%
8C: 68.804%
3D: 0.000%
QS: 98.083%
TD: 54.975%
4H: 0.719%
AS: 100.000%
9H: 80.350%
AC: 100.000%
2S: 0.000%
2D: 0.000%
5C: 25.995%
7D: 3.968%

TH: 89.697%
JH: 89.697%
2C: 0.000%
7S: 54.975%
5C: 0.000%
3D: 0.000%
5H: 25.995%
JS: 94.788%
KD: 98.876%
AS: 100.000%
3C: 0.000%
QS: 94.788%
3S: 0.006%

2S: 0.000%
6H: 49.330%
5D: 27.491%
7D: 52.081%
9D: 70.647%
JD: 83.346%
2C: 0.000%
QH: 96.960%
6C: 2.301%
6S: 25.995%
8C: 27.491%
9S: 68.804%
3C: 0.000%

TD: 94.891%
4C: 0.719%
4H: 0.033%
KD: 98.083%
JD: 94.891%
6C: 25.119%
2H: 0.000%
JH: 78.757%
AH: 100.000%
JS: 96.960%
AS: 100.000%
6H: 6.705%
TH: 78.757%

JC: 86.499%
KH: 99.358%
6S: 34.081%
8C: 54.975%
5C: 3.968%
JS: 91.660%
KS: 100.000%
AS: 100.000%
2C: 0.000%
QC: 86.499%
TD: 93.128%
7S: 34.081%
4S: 6.705%
